<?xml version="1.0" encoding="UTF-8"?>
<testsuite xmlns:xsi="http://www.w3.org/2001/XMLSchema-instance" xsi:noNamespaceSchemaLocation="https://maven.apache.org/surefire/maven-surefire-plugin/xsd/surefire-test-report.xsd" name="com.poneding.java.AppTest" time="0.02" tests="1" errors="0" skipped="0" failures="0">
  <properties>
    <property name="sun.desktop" value="gnome"/>
    <property name="awt.toolkit" value="sun.awt.X11.XToolkit"/>
    <property name="file.encoding.pkg" value="sun.io"/>
    <property name="java.specification.version" value="1.8"/>
    <property name="sun.cpu.isalist" value=""/>
    <property name="sun.jnu.encoding" value="UTF-8"/>
    <property name="java.class.path" value="/home/dp/src/learning-java/04-MavenDemo/target/test-classes:/home/dp/src/learning-java/04-MavenDemo/target/classes:/home/dp/.m2/repository/junit/junit/4.11/junit-4.11.jar:/home/dp/.m2/repository/org/hamcrest/hamcrest-core/1.3/hamcrest-core-1.3.jar:"/>
    <property name="java.vm.vendor" value="Private Build"/>
    <property name="sun.arch.data.model" value="64"/>
    <property name="java.vendor.url" value="http://java.oracle.com/"/>
    <property name="user.timezone" value=""/>
    <property name="java.vm.specification.version" value="1.8"/>
    <property name="os.name" value="Linux"/>
    <property name="user.country" value="US"/>
    <property name="sun.java.launcher" value="SUN_STANDARD"/>
    <property name="sun.boot.library.path" value="/usr/lib/jvm/java-8-openjdk-arm64/jre/lib/aarch64"/>
    <property name="sun.java.command" value="/home/dp/src/learning-java/04-MavenDemo/target/surefire/surefirebooter8763277658816950229.jar /home/dp/src/learning-java/04-MavenDemo/target/surefire 2024-03-20T16-42-13_934-jvmRun1 surefire7068808086387526960tmp surefire_01650006459277050643tmp"/>
    <property name="surefire.test.class.path" value="/home/dp/src/learning-java/04-MavenDemo/target/test-classes:/home/dp/src/learning-java/04-MavenDemo/target/classes:/home/dp/.m2/repository/junit/junit/4.11/junit-4.11.jar:/home/dp/.m2/repository/org/hamcrest/hamcrest-core/1.3/hamcrest-core-1.3.jar:"/>
    <property name="sun.cpu.endian" value="little"/>
    <property name="user.home" value="/home/dp"/>
    <property name="user.language" value="en"/>
    <property name="java.specification.vendor" value="Oracle Corporation"/>
    <property name="java.home" value="/usr/lib/jvm/java-8-openjdk-arm64/jre"/>
    <property name="basedir" value="/home/dp/src/learning-java/04-MavenDemo"/>
    <property name="file.separator" value="/"/>
    <property name="line.separator" value="&#10;"/>
    <property name="java.vm.specification.vendor" value="Oracle Corporation"/>
    <property name="java.specification.name" value="Java Platform API Specification"/>
    <property name="java.awt.graphicsenv" value="sun.awt.X11GraphicsEnvironment"/>
    <property name="surefire.real.class.path" value="/home/dp/src/learning-java/04-MavenDemo/target/surefire/surefirebooter8763277658816950229.jar"/>
    <property name="sun.boot.class.path" value="/usr/lib/jvm/java-8-openjdk-arm64/jre/lib/resources.jar:/usr/lib/jvm/java-8-openjdk-arm64/jre/lib/rt.jar:/usr/lib/jvm/java-8-openjdk-arm64/jre/lib/sunrsasign.jar:/usr/lib/jvm/java-8-openjdk-arm64/jre/lib/jsse.jar:/usr/lib/jvm/java-8-openjdk-arm64/jre/lib/jce.jar:/usr/lib/jvm/java-8-openjdk-arm64/jre/lib/charsets.jar:/usr/lib/jvm/java-8-openjdk-arm64/jre/lib/jfr.jar:/usr/lib/jvm/java-8-openjdk-arm64/jre/classes"/>
    <property name="sun.management.compiler" value="HotSpot 64-Bit Tiered Compilers"/>
    <property name="java.runtime.version" value="1.8.0_402-8u402-ga-2ubuntu1~22.04-b06"/>
    <property name="user.name" value="dp"/>
    <property name="path.separator" value=":"/>
    <property name="os.version" value="6.5.0-27-generic"/>
    <property name="java.endorsed.dirs" value="/usr/lib/jvm/java-8-openjdk-arm64/jre/lib/endorsed"/>
    <property name="java.runtime.name" value="OpenJDK Runtime Environment"/>
    <property name="file.encoding" value="UTF-8"/>
    <property name="java.vm.name" value="OpenJDK 64-Bit Server VM"/>
    <property name="localRepository" value="/home/dp/.m2/repository"/>
    <property name="java.vendor.url.bug" value="http://bugreport.sun.com/bugreport/"/>
    <property name="java.io.tmpdir" value="/tmp"/>
    <property name="java.version" value="1.8.0_402"/>
    <property name="user.dir" value="/home/dp/src/learning-java/04-MavenDemo"/>
    <property name="os.arch" value="aarch64"/>
    <property name="java.vm.specification.name" value="Java Virtual Machine Specification"/>
    <property name="java.awt.printerjob" value="sun.print.PSPrinterJob"/>
    <property name="sun.os.patch.level" value="unknown"/>
    <property name="java.library.path" value="/usr/java/packages/lib/aarch64:/usr/lib/aarch64-linux-gnu/jni:/lib/aarch64-linux-gnu:/usr/lib/aarch64-linux-gnu:/usr/lib/jni:/lib:/usr/lib"/>
    <property name="java.vm.info" value="mixed mode"/>
    <property name="java.vendor" value="Private Build"/>
    <property name="java.vm.version" value="25.402-b06"/>
    <property name="java.specification.maintenance.version" value="5"/>
    <property name="java.ext.dirs" value="/usr/lib/jvm/java-8-openjdk-arm64/jre/lib/ext:/usr/java/packages/lib/ext"/>
    <property name="sun.io.unicode.encoding" value="UnicodeLittle"/>
    <property name="java.class.version" value="52.0"/>
  </properties>
  <testcase name="shouldAnswerWithTrue" classname="com.poneding.java.AppTest" time="0.001"/>
</testsuite>